2026-02-01 12:21:41,915 - INFO - Starting ExpertOption Bot...
2026-02-01 12:21:42,786 - INFO - Connected to ExpertOption WebSocket
2026-02-01 12:21:43,263 - INFO - Connected as: User
2026-02-01 12:21:43,264 - INFO - Initial Balance: 0
2026-02-01 12:21:43,264 - INFO - 
--- Trade 1/10 ---
2026-02-01 12:21:43,265 - INFO - Signal: PUT | Amount: $48
2026-02-01 12:21:44,674 - INFO - Profile updated: Profile(id=0, name='Unknown', email='', balance=0.0, currency='USD', is_demo=1)
2026-02-01 12:21:44,675 - INFO - Trade placed successfully!
2026-02-01 12:21:44,676 - INFO - Waiting 15 seconds...
2026-02-01 12:21:59,677 - INFO - 
--- Trade 2/10 ---
2026-02-01 12:21:59,678 - INFO - Signal: PUT | Amount: $20
2026-02-01 12:21:59,934 - WARNING - Unexpected response: {'action': 'error', 'ns': '4', 'trace': '1769928719285:bf71304b1125334f', 'message': 'ERROR_EXPIRATION_INVALID'}
2026-02-01 12:21:59,936 - INFO - Waiting 15 seconds...
2026-02-01 12:22:01,259 - INFO - Profile updated: Profile(id=0, name='Unknown', email='', balance=0.0, currency='USD', is_demo=1)
2026-02-01 12:22:14,952 - INFO - 
--- Trade 3/10 ---
2026-02-01 12:22:14,952 - INFO - Signal: CALL | Amount: $42
2026-02-01 12:22:16,321 - INFO - Profile updated: Profile(id=0, name='Unknown', email='', balance=0.0, currency='USD', is_demo=1)
2026-02-01 12:22:16,321 - INFO - Trade placed successfully!
2026-02-01 12:22:16,322 - INFO - Waiting 15 seconds...
2026-02-01 12:22:31,328 - INFO - 
--- Trade 4/10 ---
2026-02-01 12:22:31,331 - INFO - Signal: CALL | Amount: $27
2026-02-01 12:22:32,428 - INFO - Profile updated: Profile(id=0, name='Unknown', email='', balance=0.0, currency='USD', is_demo=1)
2026-02-01 12:22:32,429 - INFO - Trade placed successfully!
2026-02-01 12:22:32,430 - INFO - Waiting 15 seconds...
2026-02-01 12:22:40,946 - INFO - Connection closed
2026-02-01 12:46:54,104 - INFO - Starting ExpertOption Bot...
2026-02-01 12:46:54,921 - INFO - Connected to ExpertOption WebSocket
2026-02-01 12:46:55,482 - INFO - Connected as: User
2026-02-01 12:46:55,483 - INFO - Initial Balance: 0
2026-02-01 12:46:55,483 - INFO - 
--- Trade 1/10 ---
2026-02-01 12:46:55,483 - INFO - Signal: PUT | Amount: $49
2026-02-01 12:46:56,377 - INFO - Trade placed successfully!
2026-02-01 12:46:56,377 - INFO - Waiting 15 seconds...
2026-02-01 12:46:56,390 - INFO - Profile updated: Profile(id=0, name='Unknown', email='', balance=0.0, currency='USD', is_demo=1)
2026-02-01 12:47:01,285 - INFO - Profile updated: Profile(id=0, name='Unknown', email='', balance=0.0, currency='USD', is_demo=1)
2026-02-01 12:47:11,379 - INFO - 
--- Trade 2/10 ---
2026-02-01 12:47:11,379 - INFO - Signal: PUT | Amount: $13
2026-02-01 12:47:12,474 - INFO - Trade placed successfully!
2026-02-01 12:47:12,474 - INFO - Waiting 15 seconds...
2026-02-01 12:47:12,479 - INFO - Profile updated: Profile(id=0, name='Unknown', email='', balance=0.0, currency='USD', is_demo=1)
2026-02-01 12:47:27,480 - INFO - 
--- Trade 3/10 ---
2026-02-01 12:47:27,482 - INFO - Signal: CALL | Amount: $50
2026-02-01 12:47:28,400 - INFO - Profile updated: Profile(id=0, name='Unknown', email='', balance=0.0, currency='USD', is_demo=1)
2026-02-01 12:47:28,403 - INFO - Trade placed successfully!
2026-02-01 12:47:28,403 - INFO - Waiting 15 seconds...
2026-02-01 12:47:43,411 - INFO - 
--- Trade 4/10 ---
2026-02-01 12:47:43,415 - INFO - Signal: CALL | Amount: $29
2026-02-01 12:47:44,410 - INFO - Trade placed successfully!
2026-02-01 12:47:44,411 - INFO - Waiting 15 seconds...
2026-02-01 12:47:44,414 - INFO - Profile updated: Profile(id=0, name='Unknown', email='', balance=0.0, currency='USD', is_demo=1)
2026-02-01 12:47:59,414 - INFO - 
--- Trade 5/10 ---
2026-02-01 12:47:59,417 - INFO - Signal: PUT | Amount: $44
2026-02-01 12:47:59,679 - WARNING - Unexpected response: {'action': 'error', 'ns': '7', 'trace': '1769930279013:c82b57e59c609766', 'message': 'ERROR_EXPIRATION_INVALID'}
2026-02-01 12:47:59,680 - INFO - Waiting 15 seconds...
2026-02-01 12:48:01,237 - INFO - Profile updated: Profile(id=0, name='Unknown', email='', balance=0.0, currency='USD', is_demo=1)
2026-02-01 12:48:12,649 - INFO - Connection closed
2026-02-01 12:52:56,461 - Connecting to ExpertOption...
2026-02-01 12:52:57,386 - Connected to ExpertOption WebSocket
2026-02-01 12:52:57,894 - Connected as: User
2026-02-01 12:52:58,129 - Subscribed to market data...
2026-02-01 12:53:06,300 - >>> SWITCHED TO DEMO MODE. PLEASE RESTART CONNECTION IF NEEDED <<<
2026-02-01 12:53:15,675 - >>> AUTO-TRADING STARTED <<<
2026-02-01 12:53:16,263 - Analyzing market for 240...
2026-02-01 12:53:16,266 - No strong signal. Waiting...
2026-02-01 12:53:28,281 - Analyzing market for 240...
2026-02-01 12:53:28,282 - No strong signal. Waiting...
2026-02-01 12:53:40,284 - Analyzing market for 240...
2026-02-01 12:53:40,287 - No strong signal. Waiting...
2026-02-01 12:53:52,289 - Analyzing market for 240...
2026-02-01 12:53:52,290 - No strong signal. Waiting...
2026-02-01 12:54:04,294 - Analyzing market for 240...
2026-02-01 12:54:04,294 - No strong signal. Waiting...
2026-02-01 12:54:16,301 - Analyzing market for 240...
2026-02-01 12:54:16,302 - No strong signal. Waiting...
2026-02-01 12:54:28,317 - Analyzing market for 240...
2026-02-01 12:54:28,318 - No strong signal. Waiting...
2026-02-01 12:54:40,326 - Analyzing market for 240...
2026-02-01 12:54:40,329 - No strong signal. Waiting...
2026-02-01 12:54:52,337 - Analyzing market for 240...
2026-02-01 12:54:52,337 - No strong signal. Waiting...
2026-02-01 12:55:04,352 - Analyzing market for 240...
2026-02-01 12:55:04,353 - No strong signal. Waiting...
2026-02-01 12:55:16,368 - Analyzing market for 240...
2026-02-01 12:55:16,369 - No strong signal. Waiting...
2026-02-01 12:55:28,385 - Analyzing market for 240...
2026-02-01 12:55:28,386 - No strong signal. Waiting...
2026-02-01 12:55:40,401 - Analyzing market for 240...
2026-02-01 12:55:40,405 - No strong signal. Waiting...
2026-02-01 12:55:52,415 - Analyzing market for 240...
2026-02-01 12:55:52,415 - No strong signal. Waiting...
2026-02-01 12:56:04,418 - Analyzing market for 240...
2026-02-01 12:56:04,419 - No strong signal. Waiting...
2026-02-01 12:56:16,431 - Analyzing market for 240...
2026-02-01 12:56:16,434 - No strong signal. Waiting...
2026-02-01 12:56:28,439 - Analyzing market for 240...
2026-02-01 12:56:28,439 - No strong signal. Waiting...
2026-02-01 12:56:31,734 - Connection closed
2026-02-01 12:56:49,175 - Neural Engine AI Loaded.
2026-02-01 12:56:49,177 - Connecting to ExpertOption...
2026-02-01 12:56:49,975 - Connected to ExpertOption WebSocket
2026-02-01 12:56:50,873 - Connected as: User
2026-02-01 12:56:51,117 - Subscribed to market data...
2026-02-01 12:56:54,109 - >>> SWITCHED TO DEMO MODE. PLEASE RESTART CONNECTION IF NEEDED <<<
2026-02-01 12:56:58,688 - >>> AUTO-TRADING STARTED <<<
2026-02-01 12:56:59,185 - Analyzing market for 240...
2026-02-01 12:56:59,186 - Gathering AI data... (16/40 candles)
2026-02-01 12:56:59,187 - No strong signal. Waiting...
2026-02-01 12:57:11,201 - Analyzing market for 240...
2026-02-01 12:57:11,201 - AI Error: 'close'
2026-02-01 12:57:11,201 - No strong signal. Waiting...
2026-02-01 12:57:23,203 - Analyzing market for 240...
2026-02-01 12:57:23,220 - AI Error: 'close'
2026-02-01 12:57:23,221 - No strong signal. Waiting...
2026-02-01 12:57:35,232 - Analyzing market for 240...
2026-02-01 12:57:35,235 - AI Error: 'close'
2026-02-01 12:57:35,236 - No strong signal. Waiting...
2026-02-01 12:57:47,243 - Analyzing market for 240...
2026-02-01 12:57:47,247 - AI Error: 'close'
2026-02-01 12:57:47,247 - No strong signal. Waiting...
2026-02-01 12:57:59,261 - Analyzing market for 240...
2026-02-01 12:57:59,263 - AI Error: 'close'
2026-02-01 12:57:59,264 - No strong signal. Waiting...
2026-02-01 12:58:11,277 - Analyzing market for 240...
2026-02-01 12:58:11,281 - AI Error: 'close'
2026-02-01 12:58:11,282 - No strong signal. Waiting...
2026-02-01 12:58:23,292 - Analyzing market for 240...
2026-02-01 12:58:23,296 - AI Error: 'close'
2026-02-01 12:58:23,297 - No strong signal. Waiting...
2026-02-01 12:58:35,301 - Analyzing market for 240...
2026-02-01 12:58:35,304 - AI Error: 'close'
2026-02-01 12:58:35,305 - No strong signal. Waiting...
2026-02-01 12:58:47,310 - Analyzing market for 240...
2026-02-01 12:58:47,313 - AI Error: 'close'
2026-02-01 12:58:47,314 - No strong signal. Waiting...
2026-02-01 12:58:55,323 - Connection closed
2026-02-01 12:59:01,007 - Neural Engine AI Loaded.
2026-02-01 12:59:01,010 - Connecting to ExpertOption...
2026-02-01 12:59:01,804 - Connected to ExpertOption WebSocket
2026-02-01 12:59:02,414 - Connected as: User
2026-02-01 12:59:02,650 - Subscribed to market data...
2026-02-01 12:59:03,377 - >>> SWITCHED TO DEMO MODE. PLEASE RESTART CONNECTION IF NEEDED <<<
2026-02-01 12:59:05,709 - >>> AUTO-TRADING STARTED <<<
2026-02-01 12:59:06,666 - Analyzing market for 240...
2026-02-01 12:59:06,667 - Gathering AI data... (0/40 candles)
2026-02-01 12:59:06,667 - No strong signal. Waiting...
2026-02-01 12:59:18,673 - Analyzing market for 240...
2026-02-01 12:59:18,673 - Gathering AI data... (0/40 candles)
2026-02-01 12:59:18,673 - No strong signal. Waiting...
2026-02-01 12:59:30,689 - Analyzing market for 240...
2026-02-01 12:59:30,689 - Gathering AI data... (0/40 candles)
2026-02-01 12:59:30,690 - No strong signal. Waiting...
2026-02-01 12:59:42,698 - Analyzing market for 240...
2026-02-01 12:59:42,699 - Gathering AI data... (0/40 candles)
2026-02-01 12:59:42,699 - No strong signal. Waiting...
2026-02-01 12:59:54,705 - Analyzing market for 240...
2026-02-01 12:59:54,708 - Gathering AI data... (0/40 candles)
2026-02-01 12:59:54,708 - No strong signal. Waiting...
2026-02-01 13:00:06,714 - Analyzing market for 240...
2026-02-01 13:00:06,715 - Gathering AI data... (0/40 candles)
2026-02-01 13:00:06,715 - No strong signal. Waiting...
2026-02-01 13:00:18,718 - Analyzing market for 240...
2026-02-01 13:00:18,719 - Gathering AI data... (0/40 candles)
2026-02-01 13:00:18,719 - No strong signal. Waiting...
2026-02-01 13:00:30,734 - Analyzing market for 240...
2026-02-01 13:00:30,735 - Gathering AI data... (0/40 candles)
2026-02-01 13:00:30,736 - No strong signal. Waiting...
2026-02-01 13:00:42,745 - Analyzing market for 240...
2026-02-01 13:00:42,749 - Gathering AI data... (0/40 candles)
2026-02-01 13:00:42,749 - No strong signal. Waiting...
2026-02-01 13:00:54,763 - Analyzing market for 240...
2026-02-01 13:00:54,764 - Gathering AI data... (0/40 candles)
2026-02-01 13:00:54,764 - No strong signal. Waiting...
2026-02-01 13:00:55,717 - Connection closed
2026-02-01 13:00:59,066 - Neural Engine AI Loaded.
2026-02-01 13:00:59,068 - Connecting to ExpertOption...
2026-02-01 13:00:59,890 - Connected to ExpertOption WebSocket
2026-02-01 13:01:00,936 - Connected as: User
2026-02-01 13:01:01,181 - Subscribed to market data...
2026-02-01 13:01:05,833 - >>> SWITCHED TO DEMO MODE. PLEASE RESTART CONNECTION IF NEEDED <<<
2026-02-01 13:01:08,637 - >>> AUTO-TRADING STARTED <<<
2026-02-01 13:01:09,227 - Analyzing market for 240...
2026-02-01 13:01:09,227 - Gathering AI data... (0/40 candles)
2026-02-01 13:01:09,227 - No strong signal. Waiting...
2026-02-01 13:01:21,243 - Analyzing market for 240...
2026-02-01 13:01:21,244 - Gathering AI data... (0/40 candles)
2026-02-01 13:01:21,244 - No strong signal. Waiting...
2026-02-01 13:01:33,257 - Analyzing market for 240...
2026-02-01 13:01:33,258 - Gathering AI data... (0/40 candles)
2026-02-01 13:01:33,259 - No strong signal. Waiting...
2026-02-01 13:01:38,703 - Connection closed
2026-02-01 13:02:35,459 - Neural Engine AI Loaded.
2026-02-01 13:02:35,462 - Connecting to ExpertOption...
2026-02-01 13:02:36,713 - Connected to ExpertOption WebSocket
2026-02-01 13:02:37,479 - Connected as: User
2026-02-01 13:02:37,790 - Subscribed to market data...
2026-02-01 13:02:40,183 - >>> SWITCHED TO DEMO MODE. PLEASE RESTART CONNECTION IF NEEDED <<<
2026-02-01 13:02:42,802 - >>> AUTO-TRADING STARTED <<<
2026-02-01 13:02:42,838 - Analyzing market for 240...
2026-02-01 13:02:42,839 - Gathering AI data... (0/40 candles)
2026-02-01 13:02:42,839 - No strong signal. Waiting...
2026-02-01 13:02:54,845 - Analyzing market for 240...
2026-02-01 13:02:54,846 - Gathering AI data... (0/40 candles)
2026-02-01 13:02:54,846 - No strong signal. Waiting...
2026-02-01 13:03:06,850 - Analyzing market for 240...
2026-02-01 13:03:06,851 - Gathering AI data... (0/40 candles)
2026-02-01 13:03:06,851 - No strong signal. Waiting...
2026-02-01 13:03:10,445 - Connection closed
